# JRE version: Java(TM) SE Runtime Environment (21.0.2+13) (build 21.0.2+13-LTS-58)
# Java VM: Java HotSpot(TM) 64-Bit Server VM (21.0.2+13-LTS-58, mixed mode, emulated-client, sharing, tiered, compressed oops, compressed class ptrs, g1 gc, windows-amd64)
GC Precious Log:
 CardTable entry size: 512
 Card Set container configuration: InlinePtr #cards 5 size 8 Array Of Cards #cards 12 size 40 Howl #buckets 4 coarsen threshold 1843 Howl Bitmap #cards 512 size 80 coarsen threshold 460 Card regions per heap region 1 cards per card region 2048
 CPUs: 8 total, 8 available
 Memory: 6082M
 Large Page Support: Disabled
 NUMA Support: Disabled
 Compressed Oops: Enabled (32-bit)
 Heap Region Size: 1M
 Heap Min Capacity: 8M
 Heap Initial Capacity: 96M
 Heap Max Capacity: 1522M
 Pre-touch: Disabled
 Parallel Workers: 8
 Concurrent Workers: 2
 Concurrent Refinement Workers: 8
 Periodic GC: Disabled
Heap:
 garbage-first heap   total 164864K, used 156608K [0x00000000a0e00000, 0x0000000100000000)
  region size 1024K, 7 young (7168K), 1 survivors (1024K)
 Metaspace       used 68457K, committed 69056K, reserved 1114112K
  class space    used 9595K, committed 9856K, reserved 1048576K
GC Heap History (20 events):
Event: 9982.152 GC heap before
{Heap before GC invocations=447 (full 0):
 garbage-first heap   total 202752K, used 92360K [0x00000000a0e00000, 0x0000000100000000)
  region size 1024K, 6 young (6144K), 1 survivors (1024K)
 Metaspace       used 68457K, committed 69056K, reserved 1114112K
  class space    used 9595K, committed 9856K, reserved 1048576K
}
Event: 9982.175 GC heap after
{Heap after GC invocations=448 (full 0):
 garbage-first heap   total 202752K, used 27240K [0x00000000a0e00000, 0x0000000100000000)
  region size 1024K, 1 young (1024K), 1 survivors (1024K)
 Metaspace       used 68457K, committed 69056K, reserved 1114112K
  class space    used 9595K, committed 9856K, reserved 1048576K
}
Event: 9983.178 GC heap before
{Heap before GC invocations=449 (full 0):
 garbage-first heap   total 147456K, used 145000K [0x00000000a0e00000, 0x0000000100000000)
  region size 1024K, 6 young (6144K), 1 survivors (1024K)
 Metaspace       used 68457K, committed 69056K, reserved 1114112K
  class space    used 9595K, committed 9856K, reserved 1048576K
}
Event: 9983.181 GC heap after
{Heap after GC invocations=450 (full 0):
 garbage-first heap   total 149504K, used 78672K [0x00000000a0e00000, 0x0000000100000000)
  region size 1024K, 2 young (2048K), 2 survivors (2048K)
 Metaspace       used 68457K, committed 69056K, reserved 1114112K
  class space    used 9595K, committed 9856K, reserved 1048576K
}
Event: 9984.946 GC heap before
{Heap before GC invocations=450 (full 0):
 garbage-first heap   total 207872K, used 205648K [0x00000000a0e00000, 0x0000000100000000)
  region size 1024K, 9 young (9216K), 2 survivors (2048K)
 Metaspace       used 68457K, committed 69056K, reserved 1114112K
  class space    used 9595K, committed 9856K, reserved 1048576K
}
Event: 9984.949 GC heap after
{Heap after GC invocations=451 (full 0):
 garbage-first heap   total 210944K, used 78604K [0x00000000a0e00000, 0x0000000100000000)
  region size 1024K, 2 young (2048K), 2 survivors (2048K)
 Metaspace       used 68457K, committed 69056K, reserved 1114112K
  class space    used 9595K, committed 9856K, reserved 1048576K
}
Event: 9984.949 GC heap before
{Heap before GC invocations=451 (full 0):
 garbage-first heap   total 210944K, used 78604K [0x00000000a0e00000, 0x0000000100000000)
  region size 1024K, 3 young (3072K), 2 survivors (2048K)
 Metaspace       used 68457K, committed 69056K, reserved 1114112K
  class space    used 9595K, committed 9856K, reserved 1048576K
}
Event: 9984.951 GC heap after
{Heap after GC invocations=452 (full 0):
 garbage-first heap   total 210944K, used 78917K [0x00000000a0e00000, 0x0000000100000000)
  region size 1024K, 2 young (2048K), 2 survivors (2048K)
 Metaspace       used 68457K, committed 69056K, reserved 1114112K
  class space    used 9595K, committed 9856K, reserved 1048576K
}
Event: 9985.768 GC heap before
{Heap before GC invocations=453 (full 0):
 garbage-first heap   total 210944K, used 87109K [0x00000000a0e00000, 0x0000000100000000)
  region size 1024K, 5 young (5120K), 2 survivors (2048K)
 Metaspace       used 68457K, committed 69056K, reserved 1114112K
  class space    used 9595K, committed 9856K, reserved 1048576K
}
Event: 9985.770 GC heap after
{Heap after GC invocations=454 (full 0):
 garbage-first heap   total 210944K, used 27237K [0x00000000a0e00000, 0x0000000100000000)
  region size 1024K, 1 young (1024K), 1 survivors (1024K)
 Metaspace       used 68457K, committed 69056K, reserved 1114112K
  class space    used 9595K, committed 9856K, reserved 1048576K
}
Event: 9986.555 GC heap before
{Heap before GC invocations=455 (full 0):
 garbage-first heap   total 149504K, used 147045K [0x00000000a0e00000, 0x0000000100000000)
  region size 1024K, 7 young (7168K), 1 survivors (1024K)
 Metaspace       used 68457K, committed 69056K, reserved 1114112K
  class space    used 9595K, committed 9856K, reserved 1048576K
}
Event: 9986.557 GC heap after
{Heap after GC invocations=456 (full 0):
 garbage-first heap   total 151552K, used 79136K [0x00000000a0e00000, 0x0000000100000000)
  region size 1024K, 1 young (1024K), 1 survivors (1024K)
 Metaspace       used 68457K, committed 69056K, reserved 1114112K
  class space    used 9595K, committed 9856K, reserved 1048576K
}
Event: 9997.038 GC heap before
{Heap before GC invocations=456 (full 0):
 garbage-first heap   total 201728K, used 198944K [0x00000000a0e00000, 0x0000000100000000)
  region size 1024K, 7 young (7168K), 1 survivors (1024K)
 Metaspace       used 68457K, committed 69056K, reserved 1114112K
  class space    used 9595K, committed 9856K, reserved 1048576K
}
Event: 9997.040 GC heap after
{Heap after GC invocations=457 (full 0):
 garbage-first heap   total 202752K, used 76828K [0x00000000a0e00000, 0x0000000100000000)
  region size 1024K, 1 young (1024K), 1 survivors (1024K)
 Metaspace       used 68457K, committed 69056K, reserved 1114112K
  class space    used 9595K, committed 9856K, reserved 1048576K
}
Event: 9997.041 GC heap before
{Heap before GC invocations=457 (full 0):
 garbage-first heap   total 202752K, used 76828K [0x00000000a0e00000, 0x0000000100000000)
  region size 1024K, 2 young (2048K), 1 survivors (1024K)
 Metaspace       used 68457K, committed 69056K, reserved 1114112K
  class space    used 9595K, committed 9856K, reserved 1048576K
}
Event: 9997.042 GC heap after
{Heap after GC invocations=458 (full 0):
 garbage-first heap   total 202752K, used 77010K [0x00000000a0e00000, 0x0000000100000000)
  region size 1024K, 1 young (1024K), 1 survivors (1024K)
 Metaspace       used 68457K, committed 69056K, reserved 1114112K
  class space    used 9595K, committed 9856K, reserved 1048576K
}
Event: 9997.779 GC heap before
{Heap before GC invocations=459 (full 0):
 garbage-first heap   total 202752K, used 90322K [0x00000000a0e00000, 0x0000000100000000)
  region size 1024K, 4 young (4096K), 1 survivors (1024K)
 Metaspace       used 68457K, committed 69056K, reserved 1114112K
  class space    used 9595K, committed 9856K, reserved 1048576K
}
Event: 9997.781 GC heap after
{Heap after GC invocations=460 (full 0):
 garbage-first heap   total 202752K, used 27265K [0x00000000a0e00000, 0x0000000100000000)
  region size 1024K, 1 young (1024K), 1 survivors (1024K)
 Metaspace       used 68457K, committed 69056K, reserved 1114112K
  class space    used 9595K, committed 9856K, reserved 1048576K
}
Event: 9998.460 GC heap before
{Heap before GC invocations=461 (full 0):
 garbage-first heap   total 147456K, used 145025K [0x00000000a0e00000, 0x0000000100000000)
  region size 1024K, 6 young (6144K), 1 survivors (1024K)
 Metaspace       used 68457K, committed 69056K, reserved 1114112K
  class space    used 9595K, committed 9856K, reserved 1048576K
}
Event: 9998.462 GC heap after
{Heap after GC invocations=462 (full 0):
 garbage-first heap   total 149504K, used 77808K [0x00000000a0e00000, 0x0000000100000000)
  region size 1024K, 1 young (1024K), 1 survivors (1024K)
 Metaspace       used 68457K, committed 69056K, reserved 1114112K
  class space    used 9595K, committed 9856K, reserved 1048576K
}

